This file contains any messages produced by compilers while
running configure, to aid debugging if configure makes a mistake.

It was created by configure, which was
generated by GNU Autoconf 2.59.  Invocation command line was

  $ ./configure --prefix=/usr

## --------- ##
## Platform. ##
## --------- ##

hostname = beat
uname -m = i686
uname -r = 2.6.12-9-386
uname -s = Linux
uname -v = #1 Mon Oct 10 13:14:36 BST 2005

/usr/bin/uname -p = unknown
/bin/uname -X     = unknown

/bin/arch              = i686
/usr/bin/arch -k       = unknown
/usr/convex/getsysinfo = unknown
hostinfo               = unknown
/bin/machine           = unknown
/usr/bin/oslevel       = unknown
/bin/universe          = unknown

PATH: /usr/local/sbin
PATH: /usr/local/bin
PATH: /usr/sbin
PATH: /usr/bin
PATH: /sbin
PATH: /bin
PATH: /usr/bin/X11
PATH: /usr/games


## ----------- ##
## Core tests. ##
## ----------- ##

configure:1554: checking for a BSD-compatible install
configure:1609: result: /usr/bin/install -c
configure:1620: checking whether build environment is sane
configure:1663: result: yes
configure:1678: checking whether make sets $(MAKE)
configure:1698: result: yes
configure:1721: checking for working aclocal-1.4
configure:1728: result: found
configure:1736: checking for working autoconf
configure:1743: result: found
configure:1751: checking for working automake-1.4
configure:1758: result: found
configure:1766: checking for working autoheader
configure:1773: result: found
configure:1781: checking for working makeinfo
configure:1792: result: missing
configure:1805: checking for sed
configure:1823: found /bin/sed
configure:1835: result: /bin/sed
configure:1901: checking for gcc
configure:1917: found /usr/bin/gcc
configure:1927: result: gcc
configure:2171: checking for C compiler version
configure:2174: gcc --version </dev/null >&5
gcc (GCC) 4.0.2 20050808 (prerelease) (Ubuntu 4.0.1-4ubuntu9)
Copyright (C) 2005 Free Software Foundation, Inc.
This is free software; see the source for copying conditions.  There is NO
warranty; not even for MERCHANTABILITY or FITNESS FOR A PARTICULAR PURPOSE.

configure:2177: $? = 0
configure:2179: gcc -v </dev/null >&5
Using built-in specs.
Target: i486-linux-gnu
Configured with: ../src/configure -v --enable-languages=c,c++,java,f95,objc,ada,treelang --prefix=/usr --with-gxx-include-dir=/usr/include/c++/4.0.2 --enable-shared --with-system-zlib --libexecdir=/usr/lib --enable-nls --without-included-gettext --enable-threads=posix --program-suffix=-4.0 --enable-__cxa_atexit --enable-libstdcxx-allocator=mt --enable-clocale=gnu --enable-libstdcxx-debug --enable-java-gc=boehm --enable-java-awt=gtk --enable-gtk-cairo --with-java-home=/usr/lib/jvm/java-1.4.2-gcj-4.0-1.4.2.0/jre --enable-mpfr --disable-werror --enable-checking=release i486-linux-gnu
Thread model: posix
gcc version 4.0.2 20050808 (prerelease) (Ubuntu 4.0.1-4ubuntu9)
configure:2182: $? = 0
configure:2184: gcc -V </dev/null >&5
gcc: '-V' option must have argument
configure:2187: $? = 1
configure:2210: checking for C compiler default output file name
configure:2213: gcc    conftest.c  >&5
configure:2216: $? = 0
configure:2262: result: a.out
configure:2267: checking whether the C compiler works
configure:2273: ./a.out
configure:2276: $? = 0
configure:2293: result: yes
configure:2300: checking whether we are cross compiling
configure:2302: result: no
configure:2305: checking for suffix of executables
configure:2307: gcc -o conftest    conftest.c  >&5
configure:2310: $? = 0
configure:2335: result: 
configure:2341: checking for suffix of object files
configure:2362: gcc -c   conftest.c >&5
configure:2365: $? = 0
configure:2387: result: o
configure:2391: checking whether we are using the GNU C compiler
configure:2415: gcc -c   conftest.c >&5
configure:2421: $? = 0
configure:2424: test -z 			 || test ! -s conftest.err
configure:2427: $? = 0
configure:2430: test -s conftest.o
configure:2433: $? = 0
configure:2446: result: yes
configure:2452: checking whether gcc accepts -g
configure:2473: gcc -c -g  conftest.c >&5
configure:2479: $? = 0
configure:2482: test -z 			 || test ! -s conftest.err
configure:2485: $? = 0
configure:2488: test -s conftest.o
configure:2491: $? = 0
configure:2502: result: yes
configure:2519: checking for gcc option to accept ANSI C
configure:2589: gcc  -c -g -O2  conftest.c >&5
configure:2595: $? = 0
configure:2598: test -z 			 || test ! -s conftest.err
configure:2601: $? = 0
configure:2604: test -s conftest.o
configure:2607: $? = 0
configure:2625: result: none needed
configure:2643: gcc -c -g -O2  conftest.c >&5
conftest.c:2: error: syntax error before 'me'
configure:2649: $? = 1
configure: failed program was:
| #ifndef __cplusplus
|   choke me
| #endif
configure:2857: checking for pkg-config
configure:2875: found /usr/bin/pkg-config
configure:2887: result: /usr/bin/pkg-config
configure:2902: checking pkg-config is at least version 0.9.0
configure:2905: result: yes
configure:2916: checking for GAIM
configure:2921: $PKG_CONFIG --exists --print-errors "gaim"
configure:2924: $? = 0
configure:2935: $PKG_CONFIG --exists --print-errors "gaim"
configure:2938: $? = 0
configure:2993: result: yes
configure:3040: checking for pkg-config
configure:3071: result: /usr/bin/pkg-config
configure:3094: checking for GLIB - version >= 2.0.0
configure:3213: gcc -o conftest  -Wall -g3 -I/usr/include/glib-2.0 -I/usr/lib/glib-2.0/include     conftest.c -lglib-2.0    >&5
configure:3216: $? = 0
configure:3218: ./conftest
configure:3221: $? = 0
configure:3239: result: yes (version 2.8.3)
configure:3438: checking build system type
configure:3456: result: i686-pc-linux-gnu
configure:3464: checking host system type
configure:3478: result: i686-pc-linux-gnu
configure:3486: checking for a sed that does not truncate output
configure:3540: result: /bin/sed
configure:3543: checking for egrep
configure:3553: result: grep -E
configure:3569: checking for ld used by gcc
configure:3636: result: /usr/bin/ld
configure:3645: checking if the linker (/usr/bin/ld) is GNU ld
configure:3660: result: yes
configure:3665: checking for /usr/bin/ld option to reload object files
configure:3672: result: -r
configure:3681: checking for BSD-compatible nm
configure:3723: result: /usr/bin/nm -B
configure:3727: checking whether ln -s works
configure:3731: result: yes
configure:3738: checking how to recognise dependent libraries
configure:3912: result: pass_all
configure:4124: checking how to run the C preprocessor
configure:4159: gcc -E  conftest.c
configure:4165: $? = 0
configure:4197: gcc -E  conftest.c
conftest.c:11:28: error: ac_nonexistent.h: No such file or directory
configure:4203: $? = 1
configure: failed program was:
| /* confdefs.h.  */
| 
| #define PACKAGE_NAME ""
| #define PACKAGE_TARNAME ""
| #define PACKAGE_VERSION ""
| #define PACKAGE_STRING ""
| #define PACKAGE_BUGREPORT ""
| #define XFIRE_VERSION "0.5.8"
| #define HAVE_GAIM 1
| /* end confdefs.h.  */
| #include <ac_nonexistent.h>
configure:4242: result: gcc -E
configure:4266: gcc -E  conftest.c
configure:4272: $? = 0
configure:4304: gcc -E  conftest.c
conftest.c:11:28: error: ac_nonexistent.h: No such file or directory
configure:4310: $? = 1
configure: failed program was:
| /* confdefs.h.  */
| 
| #define PACKAGE_NAME ""
| #define PACKAGE_TARNAME ""
| #define PACKAGE_VERSION ""
| #define PACKAGE_STRING ""
| #define PACKAGE_BUGREPORT ""
| #define XFIRE_VERSION "0.5.8"
| #define HAVE_GAIM 1
| /* end confdefs.h.  */
| #include <ac_nonexistent.h>
configure:4354: checking for ANSI C header files
configure:4379: gcc -c  -Wall -g3  conftest.c >&5
configure:4385: $? = 0
configure:4388: test -z 			 || test ! -s conftest.err
configure:4391: $? = 0
configure:4394: test -s conftest.o
configure:4397: $? = 0
configure:4486: gcc -o conftest  -Wall -g3   conftest.c  >&5
conftest.c: In function 'main':
conftest.c:28: warning: implicit declaration of function 'exit'
conftest.c:28: warning: incompatible implicit declaration of built-in function 'exit'
configure:4489: $? = 0
configure:4491: ./conftest
configure:4494: $? = 0
configure:4509: result: yes
configure:4533: checking for sys/types.h
configure:4549: gcc -c  -Wall -g3  conftest.c >&5
configure:4555: $? = 0
configure:4558: test -z 			 || test ! -s conftest.err
configure:4561: $? = 0
configure:4564: test -s conftest.o
configure:4567: $? = 0
configure:4578: result: yes
configure:4533: checking for sys/stat.h
configure:4549: gcc -c  -Wall -g3  conftest.c >&5
configure:4555: $? = 0
configure:4558: test -z 			 || test ! -s conftest.err
configure:4561: $? = 0
configure:4564: test -s conftest.o
configure:4567: $? = 0
configure:4578: result: yes
configure:4533: checking for stdlib.h
configure:4549: gcc -c  -Wall -g3  conftest.c >&5
configure:4555: $? = 0
configure:4558: test -z 			 || test ! -s conftest.err
configure:4561: $? = 0
configure:4564: test -s conftest.o
configure:4567: $? = 0
configure:4578: result: yes
configure:4533: checking for string.h
configure:4549: gcc -c  -Wall -g3  conftest.c >&5
configure:4555: $? = 0
configure:4558: test -z 			 || test ! -s conftest.err
configure:4561: $? = 0
configure:4564: test -s conftest.o
configure:4567: $? = 0
configure:4578: result: yes
configure:4533: checking for memory.h
configure:4549: gcc -c  -Wall -g3  conftest.c >&5
configure:4555: $? = 0
configure:4558: test -z 			 || test ! -s conftest.err
configure:4561: $? = 0
configure:4564: test -s conftest.o
configure:4567: $? = 0
configure:4578: result: yes
configure:4533: checking for strings.h
configure:4549: gcc -c  -Wall -g3  conftest.c >&5
configure:4555: $? = 0
configure:4558: test -z 			 || test ! -s conftest.err
configure:4561: $? = 0
configure:4564: test -s conftest.o
configure:4567: $? = 0
configure:4578: result: yes
configure:4533: checking for inttypes.h
configure:4549: gcc -c  -Wall -g3  conftest.c >&5
configure:4555: $? = 0
configure:4558: test -z 			 || test ! -s conftest.err
configure:4561: $? = 0
configure:4564: test -s conftest.o
configure:4567: $? = 0
configure:4578: result: yes
configure:4533: checking for stdint.h
configure:4549: gcc -c  -Wall -g3  conftest.c >&5
configure:4555: $? = 0
configure:4558: test -z 			 || test ! -s conftest.err
configure:4561: $? = 0
configure:4564: test -s conftest.o
configure:4567: $? = 0
configure:4578: result: yes
configure:4533: checking for unistd.h
configure:4549: gcc -c  -Wall -g3  conftest.c >&5
configure:4555: $? = 0
configure:4558: test -z 			 || test ! -s conftest.err
configure:4561: $? = 0
configure:4564: test -s conftest.o
configure:4567: $? = 0
configure:4578: result: yes
configure:4604: checking dlfcn.h usability
configure:4616: gcc -c  -Wall -g3  conftest.c >&5
configure:4622: $? = 0
configure:4625: test -z 			 || test ! -s conftest.err
configure:4628: $? = 0
configure:4631: test -s conftest.o
configure:4634: $? = 0
configure:4644: result: yes
configure:4648: checking dlfcn.h presence
configure:4658: gcc -E  conftest.c
configure:4664: $? = 0
configure:4684: result: yes
configure:4719: checking for dlfcn.h
configure:4726: result: yes
configure:4791: checking for g++
configure:4807: found /usr/bin/g++
configure:4817: result: g++
configure:4833: checking for C++ compiler version
configure:4836: g++ --version </dev/null >&5
g++ (GCC) 4.0.2 20050808 (prerelease) (Ubuntu 4.0.1-4ubuntu9)
Copyright (C) 2005 Free Software Foundation, Inc.
This is free software; see the source for copying conditions.  There is NO
warranty; not even for MERCHANTABILITY or FITNESS FOR A PARTICULAR PURPOSE.

configure:4839: $? = 0
configure:4841: g++ -v </dev/null >&5
Using built-in specs.
Target: i486-linux-gnu
Configured with: ../src/configure -v --enable-languages=c,c++,java,f95,objc,ada,treelang --prefix=/usr --with-gxx-include-dir=/usr/include/c++/4.0.2 --enable-shared --with-system-zlib --libexecdir=/usr/lib --enable-nls --without-included-gettext --enable-threads=posix --program-suffix=-4.0 --enable-__cxa_atexit --enable-libstdcxx-allocator=mt --enable-clocale=gnu --enable-libstdcxx-debug --enable-java-gc=boehm --enable-java-awt=gtk --enable-gtk-cairo --with-java-home=/usr/lib/jvm/java-1.4.2-gcj-4.0-1.4.2.0/jre --enable-mpfr --disable-werror --enable-checking=release i486-linux-gnu
Thread model: posix
gcc version 4.0.2 20050808 (prerelease) (Ubuntu 4.0.1-4ubuntu9)
configure:4844: $? = 0
configure:4846: g++ -V </dev/null >&5
g++: '-V' option must have argument
configure:4849: $? = 1
configure:4852: checking whether we are using the GNU C++ compiler
configure:4876: g++ -c   conftest.cc >&5
configure:4882: $? = 0
configure:4885: test -z 			 || test ! -s conftest.err
configure:4888: $? = 0
configure:4891: test -s conftest.o
configure:4894: $? = 0
configure:4907: result: yes
configure:4913: checking whether g++ accepts -g
configure:4934: g++ -c -g  conftest.cc >&5
configure:4940: $? = 0
configure:4943: test -z 			 || test ! -s conftest.err
configure:4946: $? = 0
configure:4949: test -s conftest.o
configure:4952: $? = 0
configure:4963: result: yes
configure:5005: g++ -c -g -O2  conftest.cc >&5
configure:5011: $? = 0
configure:5014: test -z 			 || test ! -s conftest.err
configure:5017: $? = 0
configure:5020: test -s conftest.o
configure:5023: $? = 0
configure:5049: g++ -c -g -O2  conftest.cc >&5
conftest.cc: In function 'int main()':
conftest.cc:26: error: 'exit' was not declared in this scope
configure:5055: $? = 1
configure: failed program was:
| /* confdefs.h.  */
| 
| #define PACKAGE_NAME ""
| #define PACKAGE_TARNAME ""
| #define PACKAGE_VERSION ""
| #define PACKAGE_STRING ""
| #define PACKAGE_BUGREPORT ""
| #define XFIRE_VERSION "0.5.8"
| #define HAVE_GAIM 1
| #define STDC_HEADERS 1
| #define HAVE_SYS_TYPES_H 1
| #define HAVE_SYS_STAT_H 1
| #define HAVE_STDLIB_H 1
| #define HAVE_STRING_H 1
| #define HAVE_MEMORY_H 1
| #define HAVE_STRINGS_H 1
| #define HAVE_INTTYPES_H 1
| #define HAVE_STDINT_H 1
| #define HAVE_UNISTD_H 1
| #define HAVE_DLFCN_H 1
| /* end confdefs.h.  */
| 
| int
| main ()
| {
| exit (42);
|   ;
|   return 0;
| }
configure:5005: g++ -c -g -O2  conftest.cc >&5
configure:5011: $? = 0
configure:5014: test -z 			 || test ! -s conftest.err
configure:5017: $? = 0
configure:5020: test -s conftest.o
configure:5023: $? = 0
configure:5049: g++ -c -g -O2  conftest.cc >&5
configure:5055: $? = 0
configure:5058: test -z 			 || test ! -s conftest.err
configure:5061: $? = 0
configure:5064: test -s conftest.o
configure:5067: $? = 0
configure:5095: checking how to run the C++ preprocessor
configure:5126: g++ -E  conftest.cc
configure:5132: $? = 0
configure:5164: g++ -E  conftest.cc
conftest.cc:25:28: error: ac_nonexistent.h: No such file or directory
configure:5170: $? = 1
configure: failed program was:
| /* confdefs.h.  */
| 
| #define PACKAGE_NAME ""
| #define PACKAGE_TARNAME ""
| #define PACKAGE_VERSION ""
| #define PACKAGE_STRING ""
| #define PACKAGE_BUGREPORT ""
| #define XFIRE_VERSION "0.5.8"
| #define HAVE_GAIM 1
| #define STDC_HEADERS 1
| #define HAVE_SYS_TYPES_H 1
| #define HAVE_SYS_STAT_H 1
| #define HAVE_STDLIB_H 1
| #define HAVE_STRING_H 1
| #define HAVE_MEMORY_H 1
| #define HAVE_STRINGS_H 1
| #define HAVE_INTTYPES_H 1
| #define HAVE_STDINT_H 1
| #define HAVE_UNISTD_H 1
| #define HAVE_DLFCN_H 1
| #ifdef __cplusplus
| extern "C" void std::exit (int) throw (); using std::exit;
| #endif
| /* end confdefs.h.  */
| #include <ac_nonexistent.h>
configure:5209: result: g++ -E
configure:5233: g++ -E  conftest.cc
configure:5239: $? = 0
configure:5271: g++ -E  conftest.cc
conftest.cc:25:28: error: ac_nonexistent.h: No such file or directory
configure:5277: $? = 1
configure: failed program was:
| /* confdefs.h.  */
| 
| #define PACKAGE_NAME ""
| #define PACKAGE_TARNAME ""
| #define PACKAGE_VERSION ""
| #define PACKAGE_STRING ""
| #define PACKAGE_BUGREPORT ""
| #define XFIRE_VERSION "0.5.8"
| #define HAVE_GAIM 1
| #define STDC_HEADERS 1
| #define HAVE_SYS_TYPES_H 1
| #define HAVE_SYS_STAT_H 1
| #define HAVE_STDLIB_H 1
| #define HAVE_STRING_H 1
| #define HAVE_MEMORY_H 1
| #define HAVE_STRINGS_H 1
| #define HAVE_INTTYPES_H 1
| #define HAVE_STDINT_H 1
| #define HAVE_UNISTD_H 1
| #define HAVE_DLFCN_H 1
| #ifdef __cplusplus
| extern "C" void std::exit (int) throw (); using std::exit;
| #endif
| /* end confdefs.h.  */
| #include <ac_nonexistent.h>
configure:5372: checking for g77
configure:5401: result: no
configure:5372: checking for f77
configure:5401: result: no
configure:5372: checking for xlf
configure:5401: result: no
configure:5372: checking for frt
configure:5401: result: no
configure:5372: checking for pgf77
configure:5401: result: no
configure:5372: checking for fort77
configure:5401: result: no
configure:5372: checking for fl32
configure:5401: result: no
configure:5372: checking for af77
configure:5401: result: no
configure:5372: checking for f90
configure:5401: result: no
configure:5372: checking for xlf90
configure:5401: result: no
configure:5372: checking for pgf90
configure:5401: result: no
configure:5372: checking for epcf90
configure:5401: result: no
configure:5372: checking for f95
configure:5401: result: no
configure:5372: checking for fort
configure:5401: result: no
configure:5372: checking for xlf95
configure:5401: result: no
configure:5372: checking for ifc
configure:5401: result: no
configure:5372: checking for efc
configure:5401: result: no
configure:5372: checking for pgf95
configure:5401: result: no
configure:5372: checking for lf95
configure:5401: result: no
configure:5372: checking for gfortran
configure:5401: result: no
configure:5413: checking for Fortran 77 compiler version
configure:5416:  --version </dev/null >&5
./configure: line 5417: --version: command not found
configure:5419: $? = 127
configure:5421:  -v </dev/null >&5
./configure: line 5422: -v: command not found
configure:5424: $? = 127
configure:5426:  -V </dev/null >&5
./configure: line 5427: -V: command not found
configure:5429: $? = 127
configure:5437: checking whether we are using the GNU Fortran 77 compiler
configure:5451:  -c  conftest.F >&5
./configure: line 5452: -c: command not found
configure:5457: $? = 127
configure: failed program was:
|       program main
| #ifndef __GNUC__
|        choke me
| #endif
| 
|       end
configure:5482: result: no
configure:5488: checking whether  accepts -g
configure:5500:  -c -g conftest.f >&5
./configure: line 5501: -c: command not found
configure:5506: $? = 127
configure: failed program was:
|       program main
| 
|       end
configure:5530: result: no
configure:5560: checking the maximum length of command line arguments
configure:5625: result: 32768
configure:5636: checking command to parse /usr/bin/nm -B output from gcc object
configure:5725: gcc -c  -Wall -g3  conftest.c >&5
configure:5728: $? = 0
configure:5732: /usr/bin/nm -B conftest.o \| sed -n -e 's/^.*[ 	]\([ABCDGIRSTW][ABCDGIRSTW]*\)[ 	][ 	]*\(\)\([_A-Za-z][_A-Za-z0-9]*\)$/\1 \2\3 \3/p' \> conftest.nm
configure:5735: $? = 0
configure:5787: gcc -o conftest  -Wall -g3   conftest.c conftstm.o >&5
configure:5790: $? = 0
configure:5828: result: ok
configure:5832: checking for objdir
configure:5847: result: .libs
configure:5937: checking for ar
configure:5953: found /usr/bin/ar
configure:5964: result: ar
configure:6017: checking for ranlib
configure:6033: found /usr/bin/ranlib
configure:6044: result: ranlib
configure:6097: checking for strip
configure:6113: found /usr/bin/strip
configure:6124: result: strip
configure:6386: checking if gcc static flag  works
configure:6409: result: yes
configure:6427: checking if gcc supports -fno-rtti -fno-exceptions
configure:6445: gcc -c  -Wall -g3  -fno-rtti -fno-exceptions conftest.c >&5
cc1: warning: command line option "-fno-rtti" is valid for C++/ObjC++ but not for C
configure:6449: $? = 0
configure:6460: result: no
configure:6475: checking for gcc option to produce PIC
configure:6652: result: -fPIC
configure:6660: checking if gcc PIC flag -fPIC works
configure:6678: gcc -c  -Wall -g3  -fPIC -DPIC conftest.c >&5
configure:6682: $? = 0
configure:6693: result: yes
configure:6717: checking if gcc supports -c -o file.o
configure:6738: gcc -c  -Wall -g3  -o out/conftest2.o conftest.c >&5
configure:6742: $? = 0
configure:6762: result: yes
configure:6788: checking whether the gcc linker (/usr/bin/ld) supports shared libraries
configure:7635: result: yes
configure:7661: checking whether -lc should be explicitly linked in
configure:7666: gcc -c  -Wall -g3  conftest.c >&5
configure:7669: $? = 0
configure:7683: gcc -shared conftest.o  -v -Wl,-soname -Wl,conftest -o conftest 2\>\&1 \| grep  -lc  \>/dev/null 2\>\&1
configure:7686: $? = 0
configure:7698: result: no
configure:7706: checking dynamic linker characteristics
configure:8258: result: GNU/Linux ld.so
configure:8262: checking how to hardcode library paths into programs
configure:8287: result: immediate
configure:8301: checking whether stripping libraries is possible
configure:8306: result: yes
configure:9129: checking if libtool supports shared libraries
configure:9131: result: yes
configure:9134: checking whether to build shared libraries
configure:9192: result: yes
configure:9195: checking whether to build static libraries
configure:9199: result: yes
configure:9291: creating libtool
configure:9838: checking for ld used by g++
configure:9905: result: /usr/bin/ld
configure:9914: checking if the linker (/usr/bin/ld) is GNU ld
configure:9929: result: yes
configure:9980: checking whether the g++ linker (/usr/bin/ld) supports shared libraries
configure:10806: result: yes
configure:10824: g++ -c -g -O2  conftest.cc >&5
configure:10827: $? = 0
configure:10923: checking for g++ option to produce PIC
configure:11175: result: -fPIC
configure:11183: checking if g++ PIC flag -fPIC works
configure:11201: g++ -c -g -O2  -fPIC -DPIC conftest.cc >&5
configure:11205: $? = 0
configure:11216: result: yes
configure:11240: checking if g++ supports -c -o file.o
configure:11261: g++ -c -g -O2  -o out/conftest2.o conftest.cc >&5
configure:11265: $? = 0
configure:11285: result: yes
configure:11311: checking whether the g++ linker (/usr/bin/ld) supports shared libraries
configure:11339: result: yes
configure:11410: checking dynamic linker characteristics
configure:11962: result: GNU/Linux ld.so
configure:11966: checking how to hardcode library paths into programs
configure:11991: result: immediate
configure:12005: checking whether stripping libraries is possible
configure:12010: result: yes
configure:19359: creating ./config.status

## ---------------------- ##
## Running config.status. ##
## ---------------------- ##

This file was extended by config.status, which was
generated by GNU Autoconf 2.59.  Invocation command line was

  CONFIG_FILES    = 
  CONFIG_HEADERS  = 
  CONFIG_LINKS    = 
  CONFIG_COMMANDS = 
  $ ./config.status 

on beat

config.status:748: creating Makefile
config.status:748: creating gaim-xfire.spec
config.status:748: creating pixmaps/Makefile
config.status:748: creating src/Makefile
config.status:814: creating pre_config.h
config.status:922: pre_config.h is unchanged
config.status:1080: executing default-1 commands

## ---------------- ##
## Cache variables. ##
## ---------------- ##

ac_cv_build=i686-pc-linux-gnu
ac_cv_build_alias=i686-pc-linux-gnu
ac_cv_c_compiler_gnu=yes
ac_cv_cxx_compiler_gnu=yes
ac_cv_env_CC_set=
ac_cv_env_CC_value=
ac_cv_env_CFLAGS_set=
ac_cv_env_CFLAGS_value=
ac_cv_env_CPPFLAGS_set=
ac_cv_env_CPPFLAGS_value=
ac_cv_env_CPP_set=
ac_cv_env_CPP_value=
ac_cv_env_CXXCPP_set=
ac_cv_env_CXXCPP_value=
ac_cv_env_CXXFLAGS_set=
ac_cv_env_CXXFLAGS_value=
ac_cv_env_CXX_set=
ac_cv_env_CXX_value=
ac_cv_env_F77_set=
ac_cv_env_F77_value=
ac_cv_env_FFLAGS_set=
ac_cv_env_FFLAGS_value=
ac_cv_env_GAIM_CFLAGS_set=
ac_cv_env_GAIM_CFLAGS_value=
ac_cv_env_GAIM_LIBS_set=
ac_cv_env_GAIM_LIBS_value=
ac_cv_env_LDFLAGS_set=
ac_cv_env_LDFLAGS_value=
ac_cv_env_PKG_CONFIG_set=
ac_cv_env_PKG_CONFIG_value=
ac_cv_env_build_alias_set=
ac_cv_env_build_alias_value=
ac_cv_env_host_alias_set=
ac_cv_env_host_alias_value=
ac_cv_env_target_alias_set=
ac_cv_env_target_alias_value=
ac_cv_exeext=
ac_cv_f77_compiler_gnu=no
ac_cv_header_dlfcn_h=yes
ac_cv_header_inttypes_h=yes
ac_cv_header_memory_h=yes
ac_cv_header_stdc=yes
ac_cv_header_stdint_h=yes
ac_cv_header_stdlib_h=yes
ac_cv_header_string_h=yes
ac_cv_header_strings_h=yes
ac_cv_header_sys_stat_h=yes
ac_cv_header_sys_types_h=yes
ac_cv_header_unistd_h=yes
ac_cv_host=i686-pc-linux-gnu
ac_cv_host_alias=i686-pc-linux-gnu
ac_cv_objext=o
ac_cv_path_PKG_CONFIG=/usr/bin/pkg-config
ac_cv_path_ac_pt_PKG_CONFIG=/usr/bin/pkg-config
ac_cv_path_install='/usr/bin/install -c'
ac_cv_path_sedpath=/bin/sed
ac_cv_prog_CPP='gcc -E'
ac_cv_prog_CXXCPP='g++ -E'
ac_cv_prog_ac_ct_AR=ar
ac_cv_prog_ac_ct_CC=gcc
ac_cv_prog_ac_ct_CXX=g++
ac_cv_prog_ac_ct_RANLIB=ranlib
ac_cv_prog_ac_ct_STRIP=strip
ac_cv_prog_cc_g=yes
ac_cv_prog_cc_stdc=
ac_cv_prog_cxx_g=yes
ac_cv_prog_egrep='grep -E'
ac_cv_prog_f77_g=no
ac_cv_prog_make_make_set=yes
lt_cv_deplibs_check_method=pass_all
lt_cv_file_magic_cmd='$MAGIC_CMD'
lt_cv_file_magic_test_file=
lt_cv_ld_reload_flag=-r
lt_cv_objdir=.libs
lt_cv_path_LD=/usr/bin/ld
lt_cv_path_LDCXX=/usr/bin/ld
lt_cv_path_NM='/usr/bin/nm -B'
lt_cv_path_SED=/bin/sed
lt_cv_prog_compiler_c_o=yes
lt_cv_prog_compiler_c_o_CXX=yes
lt_cv_prog_compiler_rtti_exceptions=no
lt_cv_prog_gnu_ld=yes
lt_cv_prog_gnu_ldcxx=yes
lt_cv_sys_global_symbol_pipe='sed -n -e '\''s/^.*[ 	]\([ABCDGIRSTW][ABCDGIRSTW]*\)[ 	][ 	]*\(\)\([_A-Za-z][_A-Za-z0-9]*\)$/\1 \2\3 \3/p'\'''
lt_cv_sys_global_symbol_to_c_name_address='sed -n -e '\''s/^: \([^ ]*\) $/  {\"\1\", (lt_ptr) 0},/p'\'' -e '\''s/^[BCDEGRST] \([^ ]*\) \([^ ]*\)$/  {"\2", (lt_ptr) \&\2},/p'\'''
lt_cv_sys_global_symbol_to_cdecl='sed -n -e '\''s/^. .* \(.*\)$/extern int \1;/p'\'''
lt_cv_sys_max_cmd_len=32768
lt_lt_cv_prog_compiler_c_o='"yes"'
lt_lt_cv_prog_compiler_c_o_CXX='"yes"'
lt_lt_cv_sys_global_symbol_pipe='"sed -n -e '\''s/^.*[ 	]\\([ABCDGIRSTW][ABCDGIRSTW]*\\)[ 	][ 	]*\\(\\)\\([_A-Za-z][_A-Za-z0-9]*\\)\$/\\1 \\2\\3 \\3/p'\''"'
lt_lt_cv_sys_global_symbol_to_c_name_address='"sed -n -e '\''s/^: \\([^ ]*\\) \$/  {\\\"\\1\\\", (lt_ptr) 0},/p'\'' -e '\''s/^[BCDEGRST] \\([^ ]*\\) \\([^ ]*\\)\$/  {\"\\2\", (lt_ptr) \\&\\2},/p'\''"'
lt_lt_cv_sys_global_symbol_to_cdecl='"sed -n -e '\''s/^. .* \\(.*\\)\$/extern int \\1;/p'\''"'
pkg_cv_GAIM_CFLAGS='-I/usr/include/gaim -I/usr/include/glib-2.0 -I/usr/lib/glib-2.0/include  '
pkg_cv_GAIM_LIBS='-lglib-2.0  '

## ----------------- ##
## Output variables. ##
## ----------------- ##

ACLOCAL='aclocal-1.4'
AR='ar'
AUTOCONF='autoconf'
AUTOHEADER='autoheader'
AUTOMAKE='automake-1.4'
CC='gcc'
CFLAGS=' -Wall -g3'
CPP='gcc -E'
CPPFLAGS=''
CXX='g++'
CXXCPP='g++ -E'
CXXFLAGS='-g -O2'
DEBUG_CFLAGS=''
DEFS='-DHAVE_CONFIG_H'
ECHO='echo'
ECHO_C=''
ECHO_N='-n'
ECHO_T=''
EGREP='grep -E'
EXEEXT=''
F77=''
FFLAGS=''
GAIM_CFLAGS='-I/usr/include/gaim -I/usr/include/glib-2.0 -I/usr/lib/glib-2.0/include  '
GAIM_LIBS='-lglib-2.0  '
GLIB_CFLAGS='-I/usr/include/glib-2.0 -I/usr/lib/glib-2.0/include  '
GLIB_GENMARSHAL='glib-genmarshal'
GLIB_LIBS='-lglib-2.0  '
GLIB_MKENUMS='glib-mkenums'
GOBJECT_QUERY='gobject-query'
INSTALL_DATA='${INSTALL} -m 644'
INSTALL_PROGRAM='${INSTALL}'
INSTALL_SCRIPT='${INSTALL}'
LDFLAGS=''
LIBOBJS=''
LIBS=''
LIBTOOL='$(SHELL) $(top_builddir)/libtool --silent'
LN_S='ln -s'
LTLIBOBJS=''
MAKEINFO='/home/asraniel/developement/gaim/plugins/gaim-xfire-0.5.5/missing makeinfo'
OBJEXT='o'
PACKAGE='gaim-xfire'
PACKAGE_BUGREPORT=''
PACKAGE_NAME=''
PACKAGE_STRING=''
PACKAGE_TARNAME=''
PACKAGE_VERSION=''
PATH_SEPARATOR=':'
PKG_CONFIG='/usr/bin/pkg-config'
PLUGINS_FALSE='#'
PLUGINS_TRUE=''
RANLIB='ranlib'
SET_MAKE=''
SHELL='/bin/sh'
STRIP='strip'
VERSION='0.5.8'
ac_ct_AR='ar'
ac_ct_CC='gcc'
ac_ct_CXX='g++'
ac_ct_F77=''
ac_ct_RANLIB='ranlib'
ac_ct_STRIP='strip'
ac_pt_PKG_CONFIG='/usr/bin/pkg-config'
bindir='${exec_prefix}/bin'
build='i686-pc-linux-gnu'
build_alias=''
build_cpu='i686'
build_os='linux-gnu'
build_vendor='pc'
datadir='${prefix}/share'
exec_prefix='${prefix}'
host='i686-pc-linux-gnu'
host_alias=''
host_cpu='i686'
host_os='linux-gnu'
host_vendor='pc'
includedir='${prefix}/include'
infodir='${prefix}/info'
libdir='${exec_prefix}/lib'
libexecdir='${exec_prefix}/libexec'
localstatedir='${prefix}/var'
mandir='${prefix}/man'
oldincludedir='/usr/include'
prefix='/usr'
program_transform_name='s,x,x,'
sbindir='${exec_prefix}/sbin'
sedpath='/bin/sed'
sharedstatedir='${prefix}/com'
sysconfdir='${prefix}/etc'
target_alias=''

## ----------- ##
## confdefs.h. ##
## ----------- ##

#define HAVE_DLFCN_H 1
#define HAVE_GAIM 1
#define HAVE_INTTYPES_H 1
#define HAVE_MEMORY_H 1
#define HAVE_STDINT_H 1
#define HAVE_STDLIB_H 1
#define HAVE_STRINGS_H 1
#define HAVE_STRING_H 1
#define HAVE_SYS_STAT_H 1
#define HAVE_SYS_TYPES_H 1
#define HAVE_UNISTD_H 1
#define PACKAGE_BUGREPORT ""
#define PACKAGE_NAME ""
#define PACKAGE_STRING ""
#define PACKAGE_TARNAME ""
#define PACKAGE_VERSION ""
#define STDC_HEADERS 1
#define XFIRE_VERSION "0.5.8"
#endif
#ifdef __cplusplus
extern "C" void std::exit (int) throw (); using std::exit;

configure: exit 0
